summary(data_cat) = "8608045×5 DataFrame"
summary(rand_cat) = "8622115×5 DataFrame"

Stacktrace:
  [1] throw_api_error(res::CUDA.cudaError_enum)
    @ CUDA /global/common/software/nersc/pm-2022q3/sw/julia-2022-09-24/packages/nvidia/1.8.0-beta1/julia/packages/CUDA/DfvRa/lib/cudadrv/error.jl:89
  [2] macro expansion
    @ /global/common/software/nersc/pm-2022q3/sw/julia-2022-09-24/packages/nvidia/1.8.0-beta1/julia/packages/CUDA/DfvRa/lib/cudadrv/error.jl:97 [inlined]
  [3] cuMemFreeAsync(dptr::CUDA.Mem.DeviceBuffer, hStream::CuStream)
    @ CUDA /global/common/software/nersc/pm-2022q3/sw/julia-2022-09-24/packages/nvidia/1.8.0-beta1/julia/packages/CUDA/DfvRa/lib/utils/call.jl:26
  [4] #free#2
    @ /global/common/software/nersc/pm-2022q3/sw/julia-2022-09-24/packages/nvidia/1.8.0-beta1/julia/packages/CUDA/DfvRa/lib/cudadrv/memory.jl:97 [inlined]
  [5] macro expansion
    @ /global/common/software/nersc/pm-2022q3/sw/julia-2022-09-24/packages/nvidia/1.8.0-beta1/julia/packages/CUDA/DfvRa/src/pool.jl:58 [inlined]
  [6] macro expansion
    @ ./timing.jl:359 [inlined]
  [7] #actual_free#155
    @ /global/common/software/nersc/pm-2022q3/sw/julia-2022-09-24/packages/nvidia/1.8.0-beta1/julia/packages/CUDA/DfvRa/src/pool.jl:57 [inlined]
  [8] #_free#173
    @ /global/common/software/nersc/pm-2022q3/sw/julia-2022-09-24/packages/nvidia/1.8.0-beta1/julia/packages/CUDA/DfvRa/src/pool.jl:375 [inlined]
  [9] macro expansion
    @ /global/common/software/nersc/pm-2022q3/sw/julia-2022-09-24/packages/nvidia/1.8.0-beta1/julia/packages/CUDA/DfvRa/src/pool.jl:348 [inlined]
 [10] macro expansion
    @ ./timing.jl:359 [inlined]
 [11] #free#172
    @ /global/common/software/nersc/pm-2022q3/sw/julia-2022-09-24/packages/nvidia/1.8.0-beta1/julia/packages/CUDA/DfvRa/src/pool.jl:347 [inlined]
 [12] #178
    @ /global/common/software/nersc/pm-2022q3/sw/julia-2022-09-24/packages/nvidia/1.8.0-beta1/julia/packages/CUDA/DfvRa/src/array.jl:79 [inlined]
 [13] context!(f::CUDA.var"#178#179"{CuArray{Int64, 1, CUDA.Mem.DeviceBuffer}, CuStream}, ctx::CuContext; skip_destroyed::Bool)
    @ CUDA /global/common/software/nersc/pm-2022q3/sw/julia-2022-09-24/packages/nvidia/1.8.0-beta1/julia/packages/CUDA/DfvRa/lib/cudadrv/state.jl:164
 [14] unsafe_free!(xs::CuArray{Int64, 1, CUDA.Mem.DeviceBuffer}, stream::CuStream)
    @ CUDA /global/common/software/nersc/pm-2022q3/sw/julia-2022-09-24/packages/nvidia/1.8.0-beta1/julia/packages/CUDA/DfvRa/src/array.jl:78
 [15] unsafe_finalize!(xs::CuArray{Int64, 1, CUDA.Mem.DeviceBuffer})
    @ CUDA /global/common/software/nersc/pm-2022q3/sw/julia-2022-09-24/packages/nvidia/1.8.0-beta1/julia/packages/CUDA/DfvRa/src/array.jl:99
 [16] exit
    @ ./initdefs.jl:28 [inlined]
 [17] exec_options(opts::Base.JLOptions)
    @ Base ./client.jl:308
 [18] _start()
    @ Base ./client.jl:522

Stacktrace:
  [1] throw_api_error(res::CUDA.cudaError_enum)
    @ CUDA /global/common/software/nersc/pm-2022q3/sw/julia-2022-09-24/packages/nvidia/1.8.0-beta1/julia/packages/CUDA/DfvRa/lib/cudadrv/error.jl:89
  [2] macro expansion
    @ /global/common/software/nersc/pm-2022q3/sw/julia-2022-09-24/packages/nvidia/1.8.0-beta1/julia/packages/CUDA/DfvRa/lib/cudadrv/error.jl:97 [inlined]
  [3] cuMemFreeAsync(dptr::CUDA.Mem.DeviceBuffer, hStream::CuStream)
    @ CUDA /global/common/software/nersc/pm-2022q3/sw/julia-2022-09-24/packages/nvidia/1.8.0-beta1/julia/packages/CUDA/DfvRa/lib/utils/call.jl:26
  [4] #free#2
    @ /global/common/software/nersc/pm-2022q3/sw/julia-2022-09-24/packages/nvidia/1.8.0-beta1/julia/packages/CUDA/DfvRa/lib/cudadrv/memory.jl:97 [inlined]
  [5] macro expansion
    @ /global/common/software/nersc/pm-2022q3/sw/julia-2022-09-24/packages/nvidia/1.8.0-beta1/julia/packages/CUDA/DfvRa/src/pool.jl:58 [inlined]
  [6] macro expansion
    @ ./timing.jl:359 [inlined]
  [7] #actual_free#155
    @ /global/common/software/nersc/pm-2022q3/sw/julia-2022-09-24/packages/nvidia/1.8.0-beta1/julia/packages/CUDA/DfvRa/src/pool.jl:57 [inlined]
  [8] #_free#173
    @ /global/common/software/nersc/pm-2022q3/sw/julia-2022-09-24/packages/nvidia/1.8.0-beta1/julia/packages/CUDA/DfvRa/src/pool.jl:375 [inlined]
  [9] macro expansion
    @ /global/common/software/nersc/pm-2022q3/sw/julia-2022-09-24/packages/nvidia/1.8.0-beta1/julia/packages/CUDA/DfvRa/src/pool.jl:348 [inlined]
 [10] macro expansion
    @ ./timing.jl:359 [inlined]
 [11] #free#172
    @ /global/common/software/nersc/pm-2022q3/sw/julia-2022-09-24/packages/nvidia/1.8.0-beta1/julia/packages/CUDA/DfvRa/src/pool.jl:347 [inlined]
 [12] #178
    @ /global/common/software/nersc/pm-2022q3/sw/julia-2022-09-24/packages/nvidia/1.8.0-beta1/julia/packages/CUDA/DfvRa/src/array.jl:79 [inlined]
 [13] context!(f::CUDA.var"#178#179"{CuArray{Float32, 3, CUDA.Mem.DeviceBuffer}, CuStream}, ctx::CuContext; skip_destroyed::Bool)
    @ CUDA /global/common/software/nersc/pm-2022q3/sw/julia-2022-09-24/packages/nvidia/1.8.0-beta1/julia/packages/CUDA/DfvRa/lib/cudadrv/state.jl:164
 [14] unsafe_free!(xs::CuArray{Float32, 3, CUDA.Mem.DeviceBuffer}, stream::CuStream)
    @ CUDA /global/common/software/nersc/pm-2022q3/sw/julia-2022-09-24/packages/nvidia/1.8.0-beta1/julia/packages/CUDA/DfvRa/src/array.jl:78
 [15] unsafe_finalize!(xs::CuArray{Float32, 3, CUDA.Mem.DeviceBuffer})
    @ CUDA /global/common/software/nersc/pm-2022q3/sw/julia-2022-09-24/packages/nvidia/1.8.0-beta1/julia/packages/CUDA/DfvRa/src/array.jl:99
 [16] exit
    @ ./initdefs.jl:28 [inlined]
 [17] exec_options(opts::Base.JLOptions)
    @ Base ./client.jl:308
 [18] _start()
    @ Base ./client.jl:522

Stacktrace:
  [1] throw_api_error(res::CUDA.cudaError_enum)
    @ CUDA /global/common/software/nersc/pm-2022q3/sw/julia-2022-09-24/packages/nvidia/1.8.0-beta1/julia/packages/CUDA/DfvRa/lib/cudadrv/error.jl:89
  [2] macro expansion
    @ /global/common/software/nersc/pm-2022q3/sw/julia-2022-09-24/packages/nvidia/1.8.0-beta1/julia/packages/CUDA/DfvRa/lib/cudadrv/error.jl:97 [inlined]
  [3] cuMemFreeAsync(dptr::CUDA.Mem.DeviceBuffer, hStream::CuStream)
    @ CUDA /global/common/software/nersc/pm-2022q3/sw/julia-2022-09-24/packages/nvidia/1.8.0-beta1/julia/packages/CUDA/DfvRa/lib/utils/call.jl:26
  [4] #free#2
    @ /global/common/software/nersc/pm-2022q3/sw/julia-2022-09-24/packages/nvidia/1.8.0-beta1/julia/packages/CUDA/DfvRa/lib/cudadrv/memory.jl:97 [inlined]
  [5] macro expansion
    @ /global/common/software/nersc/pm-2022q3/sw/julia-2022-09-24/packages/nvidia/1.8.0-beta1/julia/packages/CUDA/DfvRa/src/pool.jl:58 [inlined]
  [6] macro expansion
    @ ./timing.jl:359 [inlined]
  [7] #actual_free#155
    @ /global/common/software/nersc/pm-2022q3/sw/julia-2022-09-24/packages/nvidia/1.8.0-beta1/julia/packages/CUDA/DfvRa/src/pool.jl:57 [inlined]
  [8] #_free#173
    @ /global/common/software/nersc/pm-2022q3/sw/julia-2022-09-24/packages/nvidia/1.8.0-beta1/julia/packages/CUDA/DfvRa/src/pool.jl:375 [inlined]
  [9] macro expansion
    @ /global/common/software/nersc/pm-2022q3/sw/julia-2022-09-24/packages/nvidia/1.8.0-beta1/julia/packages/CUDA/DfvRa/src/pool.jl:348 [inlined]
 [10] macro expansion
    @ ./timing.jl:359 [inlined]
 [11] #free#172
    @ /global/common/software/nersc/pm-2022q3/sw/julia-2022-09-24/packages/nvidia/1.8.0-beta1/julia/packages/CUDA/DfvRa/src/pool.jl:347 [inlined]
 [12] #178
    @ /global/common/software/nersc/pm-2022q3/sw/julia-2022-09-24/packages/nvidia/1.8.0-beta1/julia/packages/CUDA/DfvRa/src/array.jl:79 [inlined]
 [13] context!(f::CUDA.var"#178#179"{CuArray{Int8, 1, CUDA.Mem.DeviceBuffer}, CuStream}, ctx::CuContext; skip_destroyed::Bool)
    @ CUDA /global/common/software/nersc/pm-2022q3/sw/julia-2022-09-24/packages/nvidia/1.8.0-beta1/julia/packages/CUDA/DfvRa/lib/cudadrv/state.jl:164
 [14] unsafe_free!(xs::CuArray{Int8, 1, CUDA.Mem.DeviceBuffer}, stream::CuStream)
    @ CUDA /global/common/software/nersc/pm-2022q3/sw/julia-2022-09-24/packages/nvidia/1.8.0-beta1/julia/packages/CUDA/DfvRa/src/array.jl:78
 [15] unsafe_free!(plan::CUDA.CUFFT.rCuFFTPlan{Float32, -1, false, 3}, stream::CuStream)
    @ CUDA.CUFFT /global/common/software/nersc/pm-2022q3/sw/julia-2022-09-24/packages/nvidia/1.8.0-beta1/julia/packages/CUDA/DfvRa/lib/cufft/fft.jl:34
 [16] #131
    @ /global/common/software/nersc/pm-2022q3/sw/julia-2022-09-24/packages/nvidia/1.8.0-beta1/julia/packages/CUDA/DfvRa/lib/cufft/fft.jl:39 [inlined]
 [17] context!(f::CUDA.CUFFT.var"#131#132"{CUDA.CUFFT.rCuFFTPlan{Float32, -1, false, 3}}, ctx::CuContext; skip_destroyed::Bool)
    @ CUDA /global/common/software/nersc/pm-2022q3/sw/julia-2022-09-24/packages/nvidia/1.8.0-beta1/julia/packages/CUDA/DfvRa/lib/cudadrv/state.jl:164
 [18] unsafe_finalize!(plan::CUDA.CUFFT.rCuFFTPlan{Float32, -1, false, 3})
    @ CUDA.CUFFT /global/common/software/nersc/pm-2022q3/sw/julia-2022-09-24/packages/nvidia/1.8.0-beta1/julia/packages/CUDA/DfvRa/lib/cufft/fft.jl:38
 [19] exit
    @ ./initdefs.jl:28 [inlined]
 [20] exec_options(opts::Base.JLOptions)
    @ Base ./client.jl:308
 [21] _start()
    @ Base ./client.jl:522

Stacktrace:
  [1] throw_api_error(res::CUDA.cudaError_enum)
    @ CUDA /global/common/software/nersc/pm-2022q3/sw/julia-2022-09-24/packages/nvidia/1.8.0-beta1/julia/packages/CUDA/DfvRa/lib/cudadrv/error.jl:89
  [2] macro expansion
    @ /global/common/software/nersc/pm-2022q3/sw/julia-2022-09-24/packages/nvidia/1.8.0-beta1/julia/packages/CUDA/DfvRa/lib/cudadrv/error.jl:97 [inlined]
  [3] cuMemFreeAsync(dptr::CUDA.Mem.DeviceBuffer, hStream::CuStream)
    @ CUDA /global/common/software/nersc/pm-2022q3/sw/julia-2022-09-24/packages/nvidia/1.8.0-beta1/julia/packages/CUDA/DfvRa/lib/utils/call.jl:26
  [4] #free#2
    @ /global/common/software/nersc/pm-2022q3/sw/julia-2022-09-24/packages/nvidia/1.8.0-beta1/julia/packages/CUDA/DfvRa/lib/cudadrv/memory.jl:97 [inlined]
  [5] macro expansion
    @ /global/common/software/nersc/pm-2022q3/sw/julia-2022-09-24/packages/nvidia/1.8.0-beta1/julia/packages/CUDA/DfvRa/src/pool.jl:58 [inlined]
  [6] macro expansion
    @ ./timing.jl:359 [inlined]
  [7] #actual_free#155
    @ /global/common/software/nersc/pm-2022q3/sw/julia-2022-09-24/packages/nvidia/1.8.0-beta1/julia/packages/CUDA/DfvRa/src/pool.jl:57 [inlined]
  [8] #_free#173
    @ /global/common/software/nersc/pm-2022q3/sw/julia-2022-09-24/packages/nvidia/1.8.0-beta1/julia/packages/CUDA/DfvRa/src/pool.jl:375 [inlined]
  [9] macro expansion
    @ /global/common/software/nersc/pm-2022q3/sw/julia-2022-09-24/packages/nvidia/1.8.0-beta1/julia/packages/CUDA/DfvRa/src/pool.jl:348 [inlined]
 [10] macro expansion
    @ ./timing.jl:359 [inlined]
 [11] #free#172
    @ /global/common/software/nersc/pm-2022q3/sw/julia-2022-09-24/packages/nvidia/1.8.0-beta1/julia/packages/CUDA/DfvRa/src/pool.jl:347 [inlined]
 [12] #178
    @ /global/common/software/nersc/pm-2022q3/sw/julia-2022-09-24/packages/nvidia/1.8.0-beta1/julia/packages/CUDA/DfvRa/src/array.jl:79 [inlined]
 [13] context!(f::CUDA.var"#178#179"{CuArray{Float32, 3, CUDA.Mem.DeviceBuffer}, CuStream}, ctx::CuContext; skip_destroyed::Bool)
    @ CUDA /global/common/software/nersc/pm-2022q3/sw/julia-2022-09-24/packages/nvidia/1.8.0-beta1/julia/packages/CUDA/DfvRa/lib/cudadrv/state.jl:164
 [14] unsafe_free!(xs::CuArray{Float32, 3, CUDA.Mem.DeviceBuffer}, stream::CuStream)
    @ CUDA /global/common/software/nersc/pm-2022q3/sw/julia-2022-09-24/packages/nvidia/1.8.0-beta1/julia/packages/CUDA/DfvRa/src/array.jl:78
 [15] unsafe_finalize!(xs::CuArray{Float32, 3, CUDA.Mem.DeviceBuffer})
    @ CUDA /global/common/software/nersc/pm-2022q3/sw/julia-2022-09-24/packages/nvidia/1.8.0-beta1/julia/packages/CUDA/DfvRa/src/array.jl:99
 [16] exit
    @ ./initdefs.jl:28 [inlined]
 [17] exec_options(opts::Base.JLOptions)
    @ Base ./client.jl:308
 [18] _start()
    @ Base ./client.jl:522

Stacktrace:
  [1] throw_api_error(res::CUDA.cudaError_enum)
    @ CUDA /global/common/software/nersc/pm-2022q3/sw/julia-2022-09-24/packages/nvidia/1.8.0-beta1/julia/packages/CUDA/DfvRa/lib/cudadrv/error.jl:89
  [2] macro expansion
    @ /global/common/software/nersc/pm-2022q3/sw/julia-2022-09-24/packages/nvidia/1.8.0-beta1/julia/packages/CUDA/DfvRa/lib/cudadrv/error.jl:97 [inlined]
  [3] cuMemFreeAsync(dptr::CUDA.Mem.DeviceBuffer, hStream::CuStream)
    @ CUDA /global/common/software/nersc/pm-2022q3/sw/julia-2022-09-24/packages/nvidia/1.8.0-beta1/julia/packages/CUDA/DfvRa/lib/utils/call.jl:26
  [4] #free#2
    @ /global/common/software/nersc/pm-2022q3/sw/julia-2022-09-24/packages/nvidia/1.8.0-beta1/julia/packages/CUDA/DfvRa/lib/cudadrv/memory.jl:97 [inlined]
  [5] macro expansion
    @ /global/common/software/nersc/pm-2022q3/sw/julia-2022-09-24/packages/nvidia/1.8.0-beta1/julia/packages/CUDA/DfvRa/src/pool.jl:58 [inlined]
  [6] macro expansion
    @ ./timing.jl:359 [inlined]
  [7] #actual_free#155
    @ /global/common/software/nersc/pm-2022q3/sw/julia-2022-09-24/packages/nvidia/1.8.0-beta1/julia/packages/CUDA/DfvRa/src/pool.jl:57 [inlined]
  [8] #_free#173
    @ /global/common/software/nersc/pm-2022q3/sw/julia-2022-09-24/packages/nvidia/1.8.0-beta1/julia/packages/CUDA/DfvRa/src/pool.jl:375 [inlined]
  [9] macro expansion
    @ /global/common/software/nersc/pm-2022q3/sw/julia-2022-09-24/packages/nvidia/1.8.0-beta1/julia/packages/CUDA/DfvRa/src/pool.jl:348 [inlined]
 [10] macro expansion
    @ ./timing.jl:359 [inlined]
 [11] #free#172
    @ /global/common/software/nersc/pm-2022q3/sw/julia-2022-09-24/packages/nvidia/1.8.0-beta1/julia/packages/CUDA/DfvRa/src/pool.jl:347 [inlined]
 [12] #178
    @ /global/common/software/nersc/pm-2022q3/sw/julia-2022-09-24/packages/nvidia/1.8.0-beta1/julia/packages/CUDA/DfvRa/src/array.jl:79 [inlined]
 [13] context!(f::CUDA.var"#178#179"{CuArray{Float32, 1, CUDA.Mem.DeviceBuffer}, CuStream}, ctx::CuContext; skip_destroyed::Bool)
    @ CUDA /global/common/software/nersc/pm-2022q3/sw/julia-2022-09-24/packages/nvidia/1.8.0-beta1/julia/packages/CUDA/DfvRa/lib/cudadrv/state.jl:164
 [14] unsafe_free!(xs::CuArray{Float32, 1, CUDA.Mem.DeviceBuffer}, stream::CuStream)
    @ CUDA /global/common/software/nersc/pm-2022q3/sw/julia-2022-09-24/packages/nvidia/1.8.0-beta1/julia/packages/CUDA/DfvRa/src/array.jl:78
 [15] unsafe_finalize!(xs::CuArray{Float32, 1, CUDA.Mem.DeviceBuffer})
    @ CUDA /global/common/software/nersc/pm-2022q3/sw/julia-2022-09-24/packages/nvidia/1.8.0-beta1/julia/packages/CUDA/DfvRa/src/array.jl:99
 [16] exit
    @ ./initdefs.jl:28 [inlined]
 [17] exec_options(opts::Base.JLOptions)
    @ Base ./client.jl:308
 [18] _start()
    @ Base ./client.jl:522

Stacktrace:
  [1] throw_api_error(res::CUDA.cudaError_enum)
    @ CUDA /global/common/software/nersc/pm-2022q3/sw/julia-2022-09-24/packages/nvidia/1.8.0-beta1/julia/packages/CUDA/DfvRa/lib/cudadrv/error.jl:89
  [2] macro expansion
    @ /global/common/software/nersc/pm-2022q3/sw/julia-2022-09-24/packages/nvidia/1.8.0-beta1/julia/packages/CUDA/DfvRa/lib/cudadrv/error.jl:97 [inlined]
  [3] cuMemFreeAsync(dptr::CUDA.Mem.DeviceBuffer, hStream::CuStream)
    @ CUDA /global/common/software/nersc/pm-2022q3/sw/julia-2022-09-24/packages/nvidia/1.8.0-beta1/julia/packages/CUDA/DfvRa/lib/utils/call.jl:26
  [4] #free#2
    @ /global/common/software/nersc/pm-2022q3/sw/julia-2022-09-24/packages/nvidia/1.8.0-beta1/julia/packages/CUDA/DfvRa/lib/cudadrv/memory.jl:97 [inlined]
  [5] macro expansion
    @ /global/common/software/nersc/pm-2022q3/sw/julia-2022-09-24/packages/nvidia/1.8.0-beta1/julia/packages/CUDA/DfvRa/src/pool.jl:58 [inlined]
  [6] macro expansion
    @ ./timing.jl:359 [inlined]
  [7] #actual_free#155
    @ /global/common/software/nersc/pm-2022q3/sw/julia-2022-09-24/packages/nvidia/1.8.0-beta1/julia/packages/CUDA/DfvRa/src/pool.jl:57 [inlined]
  [8] #_free#173
    @ /global/common/software/nersc/pm-2022q3/sw/julia-2022-09-24/packages/nvidia/1.8.0-beta1/julia/packages/CUDA/DfvRa/src/pool.jl:375 [inlined]
  [9] macro expansion
    @ /global/common/software/nersc/pm-2022q3/sw/julia-2022-09-24/packages/nvidia/1.8.0-beta1/julia/packages/CUDA/DfvRa/src/pool.jl:348 [inlined]
 [10] macro expansion
    @ ./timing.jl:359 [inlined]
 [11] #free#172
    @ /global/common/software/nersc/pm-2022q3/sw/julia-2022-09-24/packages/nvidia/1.8.0-beta1/julia/packages/CUDA/DfvRa/src/pool.jl:347 [inlined]
 [12] #178
    @ /global/common/software/nersc/pm-2022q3/sw/julia-2022-09-24/packages/nvidia/1.8.0-beta1/julia/packages/CUDA/DfvRa/src/array.jl:79 [inlined]
 [13] context!(f::CUDA.var"#178#179"{CuArray{Float32, 1, CUDA.Mem.DeviceBuffer}, CuStream}, ctx::CuContext; skip_destroyed::Bool)
    @ CUDA /global/common/software/nersc/pm-2022q3/sw/julia-2022-09-24/packages/nvidia/1.8.0-beta1/julia/packages/CUDA/DfvRa/lib/cudadrv/state.jl:164
 [14] unsafe_free!(xs::CuArray{Float32, 1, CUDA.Mem.DeviceBuffer}, stream::CuStream)
    @ CUDA /global/common/software/nersc/pm-2022q3/sw/julia-2022-09-24/packages/nvidia/1.8.0-beta1/julia/packages/CUDA/DfvRa/src/array.jl:78
 [15] unsafe_finalize!(xs::CuArray{Float32, 1, CUDA.Mem.DeviceBuffer})
    @ CUDA /global/common/software/nersc/pm-2022q3/sw/julia-2022-09-24/packages/nvidia/1.8.0-beta1/julia/packages/CUDA/DfvRa/src/array.jl:99
 [16] exit
    @ ./initdefs.jl:28 [inlined]
 [17] exec_options(opts::Base.JLOptions)
    @ Base ./client.jl:308
 [18] _start()
    @ Base ./client.jl:522

Stacktrace:
  [1] throw_api_error(res::CUDA.cudaError_enum)
    @ CUDA /global/common/software/nersc/pm-2022q3/sw/julia-2022-09-24/packages/nvidia/1.8.0-beta1/julia/packages/CUDA/DfvRa/lib/cudadrv/error.jl:89
  [2] macro expansion
    @ /global/common/software/nersc/pm-2022q3/sw/julia-2022-09-24/packages/nvidia/1.8.0-beta1/julia/packages/CUDA/DfvRa/lib/cudadrv/error.jl:97 [inlined]
  [3] cuMemFreeAsync(dptr::CUDA.Mem.DeviceBuffer, hStream::CuStream)
    @ CUDA /global/common/software/nersc/pm-2022q3/sw/julia-2022-09-24/packages/nvidia/1.8.0-beta1/julia/packages/CUDA/DfvRa/lib/utils/call.jl:26
  [4] #free#2
    @ /global/common/software/nersc/pm-2022q3/sw/julia-2022-09-24/packages/nvidia/1.8.0-beta1/julia/packages/CUDA/DfvRa/lib/cudadrv/memory.jl:97 [inlined]
  [5] macro expansion
    @ /global/common/software/nersc/pm-2022q3/sw/julia-2022-09-24/packages/nvidia/1.8.0-beta1/julia/packages/CUDA/DfvRa/src/pool.jl:58 [inlined]
  [6] macro expansion
    @ ./timing.jl:359 [inlined]
  [7] #actual_free#155
    @ /global/common/software/nersc/pm-2022q3/sw/julia-2022-09-24/packages/nvidia/1.8.0-beta1/julia/packages/CUDA/DfvRa/src/pool.jl:57 [inlined]
  [8] #_free#173
    @ /global/common/software/nersc/pm-2022q3/sw/julia-2022-09-24/packages/nvidia/1.8.0-beta1/julia/packages/CUDA/DfvRa/src/pool.jl:375 [inlined]
  [9] macro expansion
    @ /global/common/software/nersc/pm-2022q3/sw/julia-2022-09-24/packages/nvidia/1.8.0-beta1/julia/packages/CUDA/DfvRa/src/pool.jl:348 [inlined]
 [10] macro expansion
    @ ./timing.jl:359 [inlined]
 [11] #free#172
    @ /global/common/software/nersc/pm-2022q3/sw/julia-2022-09-24/packages/nvidia/1.8.0-beta1/julia/packages/CUDA/DfvRa/src/pool.jl:347 [inlined]
 [12] #178
    @ /global/common/software/nersc/pm-2022q3/sw/julia-2022-09-24/packages/nvidia/1.8.0-beta1/julia/packages/CUDA/DfvRa/src/array.jl:79 [inlined]
 [13] context!(f::CUDA.var"#178#179"{CuArray{Float32, 1, CUDA.Mem.DeviceBuffer}, CuStream}, ctx::CuContext; skip_destroyed::Bool)
    @ CUDA /global/common/software/nersc/pm-2022q3/sw/julia-2022-09-24/packages/nvidia/1.8.0-beta1/julia/packages/CUDA/DfvRa/lib/cudadrv/state.jl:164
 [14] unsafe_free!(xs::CuArray{Float32, 1, CUDA.Mem.DeviceBuffer}, stream::CuStream)
    @ CUDA /global/common/software/nersc/pm-2022q3/sw/julia-2022-09-24/packages/nvidia/1.8.0-beta1/julia/packages/CUDA/DfvRa/src/array.jl:78
 [15] unsafe_finalize!(xs::CuArray{Float32, 1, CUDA.Mem.DeviceBuffer})
    @ CUDA /global/common/software/nersc/pm-2022q3/sw/julia-2022-09-24/packages/nvidia/1.8.0-beta1/julia/packages/CUDA/DfvRa/src/array.jl:99
 [16] exit
    @ ./initdefs.jl:28 [inlined]
 [17] exec_options(opts::Base.JLOptions)
    @ Base ./client.jl:308
 [18] _start()
    @ Base ./client.jl:522

Stacktrace:
  [1] throw_api_error(res::CUDA.cudaError_enum)
    @ CUDA /global/common/software/nersc/pm-2022q3/sw/julia-2022-09-24/packages/nvidia/1.8.0-beta1/julia/packages/CUDA/DfvRa/lib/cudadrv/error.jl:89
  [2] macro expansion
    @ /global/common/software/nersc/pm-2022q3/sw/julia-2022-09-24/packages/nvidia/1.8.0-beta1/julia/packages/CUDA/DfvRa/lib/cudadrv/error.jl:97 [inlined]
  [3] cuMemFreeAsync(dptr::CUDA.Mem.DeviceBuffer, hStream::CuStream)
    @ CUDA /global/common/software/nersc/pm-2022q3/sw/julia-2022-09-24/packages/nvidia/1.8.0-beta1/julia/packages/CUDA/DfvRa/lib/utils/call.jl:26
  [4] #free#2
    @ /global/common/software/nersc/pm-2022q3/sw/julia-2022-09-24/packages/nvidia/1.8.0-beta1/julia/packages/CUDA/DfvRa/lib/cudadrv/memory.jl:97 [inlined]
  [5] macro expansion
    @ /global/common/software/nersc/pm-2022q3/sw/julia-2022-09-24/packages/nvidia/1.8.0-beta1/julia/packages/CUDA/DfvRa/src/pool.jl:58 [inlined]
  [6] macro expansion
    @ ./timing.jl:359 [inlined]
  [7] #actual_free#155
    @ /global/common/software/nersc/pm-2022q3/sw/julia-2022-09-24/packages/nvidia/1.8.0-beta1/julia/packages/CUDA/DfvRa/src/pool.jl:57 [inlined]
  [8] #_free#173
    @ /global/common/software/nersc/pm-2022q3/sw/julia-2022-09-24/packages/nvidia/1.8.0-beta1/julia/packages/CUDA/DfvRa/src/pool.jl:375 [inlined]
  [9] macro expansion
    @ /global/common/software/nersc/pm-2022q3/sw/julia-2022-09-24/packages/nvidia/1.8.0-beta1/julia/packages/CUDA/DfvRa/src/pool.jl:348 [inlined]
 [10] macro expansion
    @ ./timing.jl:359 [inlined]
 [11] #free#172
    @ /global/common/software/nersc/pm-2022q3/sw/julia-2022-09-24/packages/nvidia/1.8.0-beta1/julia/packages/CUDA/DfvRa/src/pool.jl:347 [inlined]
 [12] #178
    @ /global/common/software/nersc/pm-2022q3/sw/julia-2022-09-24/packages/nvidia/1.8.0-beta1/julia/packages/CUDA/DfvRa/src/array.jl:79 [inlined]
 [13] context!(f::CUDA.var"#178#179"{CuArray{Float32, 1, CUDA.Mem.DeviceBuffer}, CuStream}, ctx::CuContext; skip_destroyed::Bool)
    @ CUDA /global/common/software/nersc/pm-2022q3/sw/julia-2022-09-24/packages/nvidia/1.8.0-beta1/julia/packages/CUDA/DfvRa/lib/cudadrv/state.jl:164
 [14] unsafe_free!(xs::CuArray{Float32, 1, CUDA.Mem.DeviceBuffer}, stream::CuStream)
    @ CUDA /global/common/software/nersc/pm-2022q3/sw/julia-2022-09-24/packages/nvidia/1.8.0-beta1/julia/packages/CUDA/DfvRa/src/array.jl:78
 [15] unsafe_finalize!(xs::CuArray{Float32, 1, CUDA.Mem.DeviceBuffer})
    @ CUDA /global/common/software/nersc/pm-2022q3/sw/julia-2022-09-24/packages/nvidia/1.8.0-beta1/julia/packages/CUDA/DfvRa/src/array.jl:99
 [16] exit
    @ ./initdefs.jl:28 [inlined]
 [17] exec_options(opts::Base.JLOptions)
    @ Base ./client.jl:308
 [18] _start()
    @ Base ./client.jl:522

Stacktrace:
  [1] throw_api_error(res::CUDA.cudaError_enum)
    @ CUDA /global/common/software/nersc/pm-2022q3/sw/julia-2022-09-24/packages/nvidia/1.8.0-beta1/julia/packages/CUDA/DfvRa/lib/cudadrv/error.jl:89
  [2] macro expansion
    @ /global/common/software/nersc/pm-2022q3/sw/julia-2022-09-24/packages/nvidia/1.8.0-beta1/julia/packages/CUDA/DfvRa/lib/cudadrv/error.jl:97 [inlined]
  [3] cuMemFreeAsync(dptr::CUDA.Mem.DeviceBuffer, hStream::CuStream)
    @ CUDA /global/common/software/nersc/pm-2022q3/sw/julia-2022-09-24/packages/nvidia/1.8.0-beta1/julia/packages/CUDA/DfvRa/lib/utils/call.jl:26
  [4] #free#2
    @ /global/common/software/nersc/pm-2022q3/sw/julia-2022-09-24/packages/nvidia/1.8.0-beta1/julia/packages/CUDA/DfvRa/lib/cudadrv/memory.jl:97 [inlined]
  [5] macro expansion
    @ /global/common/software/nersc/pm-2022q3/sw/julia-2022-09-24/packages/nvidia/1.8.0-beta1/julia/packages/CUDA/DfvRa/src/pool.jl:58 [inlined]
  [6] macro expansion
    @ ./timing.jl:359 [inlined]
  [7] #actual_free#155
    @ /global/common/software/nersc/pm-2022q3/sw/julia-2022-09-24/packages/nvidia/1.8.0-beta1/julia/packages/CUDA/DfvRa/src/pool.jl:57 [inlined]
  [8] #_free#173
    @ /global/common/software/nersc/pm-2022q3/sw/julia-2022-09-24/packages/nvidia/1.8.0-beta1/julia/packages/CUDA/DfvRa/src/pool.jl:375 [inlined]
  [9] macro expansion
    @ /global/common/software/nersc/pm-2022q3/sw/julia-2022-09-24/packages/nvidia/1.8.0-beta1/julia/packages/CUDA/DfvRa/src/pool.jl:348 [inlined]
 [10] macro expansion
    @ ./timing.jl:359 [inlined]
 [11] #free#172
    @ /global/common/software/nersc/pm-2022q3/sw/julia-2022-09-24/packages/nvidia/1.8.0-beta1/julia/packages/CUDA/DfvRa/src/pool.jl:347 [inlined]
 [12] #178
    @ /global/common/software/nersc/pm-2022q3/sw/julia-2022-09-24/packages/nvidia/1.8.0-beta1/julia/packages/CUDA/DfvRa/src/array.jl:79 [inlined]
 [13] context!(f::CUDA.var"#178#179"{CuArray{Float32, 1, CUDA.Mem.DeviceBuffer}, CuStream}, ctx::CuContext; skip_destroyed::Bool)
    @ CUDA /global/common/software/nersc/pm-2022q3/sw/julia-2022-09-24/packages/nvidia/1.8.0-beta1/julia/packages/CUDA/DfvRa/lib/cudadrv/state.jl:164
 [14] unsafe_free!(xs::CuArray{Float32, 1, CUDA.Mem.DeviceBuffer}, stream::CuStream)
    @ CUDA /global/common/software/nersc/pm-2022q3/sw/julia-2022-09-24/packages/nvidia/1.8.0-beta1/julia/packages/CUDA/DfvRa/src/array.jl:78
 [15] unsafe_finalize!(xs::CuArray{Float32, 1, CUDA.Mem.DeviceBuffer})
    @ CUDA /global/common/software/nersc/pm-2022q3/sw/julia-2022-09-24/packages/nvidia/1.8.0-beta1/julia/packages/CUDA/DfvRa/src/array.jl:99
 [16] exit
    @ ./initdefs.jl:28 [inlined]
 [17] exec_options(opts::Base.JLOptions)
    @ Base ./client.jl:308
 [18] _start()
    @ Base ./client.jl:522

Stacktrace:
  [1] throw_api_error(res::CUDA.cudaError_enum)
    @ CUDA /global/common/software/nersc/pm-2022q3/sw/julia-2022-09-24/packages/nvidia/1.8.0-beta1/julia/packages/CUDA/DfvRa/lib/cudadrv/error.jl:89
  [2] macro expansion
    @ /global/common/software/nersc/pm-2022q3/sw/julia-2022-09-24/packages/nvidia/1.8.0-beta1/julia/packages/CUDA/DfvRa/lib/cudadrv/error.jl:97 [inlined]
  [3] cuMemFreeAsync(dptr::CUDA.Mem.DeviceBuffer, hStream::CuStream)
    @ CUDA /global/common/software/nersc/pm-2022q3/sw/julia-2022-09-24/packages/nvidia/1.8.0-beta1/julia/packages/CUDA/DfvRa/lib/utils/call.jl:26
  [4] #free#2
    @ /global/common/software/nersc/pm-2022q3/sw/julia-2022-09-24/packages/nvidia/1.8.0-beta1/julia/packages/CUDA/DfvRa/lib/cudadrv/memory.jl:97 [inlined]
  [5] macro expansion
    @ /global/common/software/nersc/pm-2022q3/sw/julia-2022-09-24/packages/nvidia/1.8.0-beta1/julia/packages/CUDA/DfvRa/src/pool.jl:58 [inlined]
  [6] macro expansion
    @ ./timing.jl:359 [inlined]
  [7] #actual_free#155
    @ /global/common/software/nersc/pm-2022q3/sw/julia-2022-09-24/packages/nvidia/1.8.0-beta1/julia/packages/CUDA/DfvRa/src/pool.jl:57 [inlined]
  [8] #_free#173
    @ /global/common/software/nersc/pm-2022q3/sw/julia-2022-09-24/packages/nvidia/1.8.0-beta1/julia/packages/CUDA/DfvRa/src/pool.jl:375 [inlined]
  [9] macro expansion
    @ /global/common/software/nersc/pm-2022q3/sw/julia-2022-09-24/packages/nvidia/1.8.0-beta1/julia/packages/CUDA/DfvRa/src/pool.jl:348 [inlined]
 [10] macro expansion
    @ ./timing.jl:359 [inlined]
 [11] #free#172
    @ /global/common/software/nersc/pm-2022q3/sw/julia-2022-09-24/packages/nvidia/1.8.0-beta1/julia/packages/CUDA/DfvRa/src/pool.jl:347 [inlined]
 [12] #178
    @ /global/common/software/nersc/pm-2022q3/sw/julia-2022-09-24/packages/nvidia/1.8.0-beta1/julia/packages/CUDA/DfvRa/src/array.jl:79 [inlined]
 [13] context!(f::CUDA.var"#178#179"{CuArray{Float32, 1, CUDA.Mem.DeviceBuffer}, CuStream}, ctx::CuContext; skip_destroyed::Bool)
    @ CUDA /global/common/software/nersc/pm-2022q3/sw/julia-2022-09-24/packages/nvidia/1.8.0-beta1/julia/packages/CUDA/DfvRa/lib/cudadrv/state.jl:164
 [14] unsafe_free!(xs::CuArray{Float32, 1, CUDA.Mem.DeviceBuffer}, stream::CuStream)
    @ CUDA /global/common/software/nersc/pm-2022q3/sw/julia-2022-09-24/packages/nvidia/1.8.0-beta1/julia/packages/CUDA/DfvRa/src/array.jl:78
 [15] unsafe_finalize!(xs::CuArray{Float32, 1, CUDA.Mem.DeviceBuffer})
    @ CUDA /global/common/software/nersc/pm-2022q3/sw/julia-2022-09-24/packages/nvidia/1.8.0-beta1/julia/packages/CUDA/DfvRa/src/array.jl:99
 [16] exit
    @ ./initdefs.jl:28 [inlined]
 [17] exec_options(opts::Base.JLOptions)
    @ Base ./client.jl:308
 [18] _start()
    @ Base ./client.jl:522

Stacktrace:
  [1] throw_api_error(res::CUDA.cudaError_enum)
    @ CUDA /global/common/software/nersc/pm-2022q3/sw/julia-2022-09-24/packages/nvidia/1.8.0-beta1/julia/packages/CUDA/DfvRa/lib/cudadrv/error.jl:89
  [2] macro expansion
    @ /global/common/software/nersc/pm-2022q3/sw/julia-2022-09-24/packages/nvidia/1.8.0-beta1/julia/packages/CUDA/DfvRa/lib/cudadrv/error.jl:97 [inlined]
  [3] cuMemFreeAsync(dptr::CUDA.Mem.DeviceBuffer, hStream::CuStream)
    @ CUDA /global/common/software/nersc/pm-2022q3/sw/julia-2022-09-24/packages/nvidia/1.8.0-beta1/julia/packages/CUDA/DfvRa/lib/utils/call.jl:26
  [4] #free#2
    @ /global/common/software/nersc/pm-2022q3/sw/julia-2022-09-24/packages/nvidia/1.8.0-beta1/julia/packages/CUDA/DfvRa/lib/cudadrv/memory.jl:97 [inlined]
  [5] macro expansion
    @ /global/common/software/nersc/pm-2022q3/sw/julia-2022-09-24/packages/nvidia/1.8.0-beta1/julia/packages/CUDA/DfvRa/src/pool.jl:58 [inlined]
  [6] macro expansion
    @ ./timing.jl:359 [inlined]
  [7] #actual_free#155
    @ /global/common/software/nersc/pm-2022q3/sw/julia-2022-09-24/packages/nvidia/1.8.0-beta1/julia/packages/CUDA/DfvRa/src/pool.jl:57 [inlined]
  [8] #_free#173
    @ /global/common/software/nersc/pm-2022q3/sw/julia-2022-09-24/packages/nvidia/1.8.0-beta1/julia/packages/CUDA/DfvRa/src/pool.jl:375 [inlined]
  [9] macro expansion
    @ /global/common/software/nersc/pm-2022q3/sw/julia-2022-09-24/packages/nvidia/1.8.0-beta1/julia/packages/CUDA/DfvRa/src/pool.jl:348 [inlined]
 [10] macro expansion
    @ ./timing.jl:359 [inlined]
 [11] #free#172
    @ /global/common/software/nersc/pm-2022q3/sw/julia-2022-09-24/packages/nvidia/1.8.0-beta1/julia/packages/CUDA/DfvRa/src/pool.jl:347 [inlined]
 [12] #178
    @ /global/common/software/nersc/pm-2022q3/sw/julia-2022-09-24/packages/nvidia/1.8.0-beta1/julia/packages/CUDA/DfvRa/src/array.jl:79 [inlined]
 [13] context!(f::CUDA.var"#178#179"{CuArray{Float32, 1, CUDA.Mem.DeviceBuffer}, CuStream}, ctx::CuContext; skip_destroyed::Bool)
    @ CUDA /global/common/software/nersc/pm-2022q3/sw/julia-2022-09-24/packages/nvidia/1.8.0-beta1/julia/packages/CUDA/DfvRa/lib/cudadrv/state.jl:164
 [14] unsafe_free!(xs::CuArray{Float32, 1, CUDA.Mem.DeviceBuffer}, stream::CuStream)
    @ CUDA /global/common/software/nersc/pm-2022q3/sw/julia-2022-09-24/packages/nvidia/1.8.0-beta1/julia/packages/CUDA/DfvRa/src/array.jl:78
 [15] unsafe_finalize!(xs::CuArray{Float32, 1, CUDA.Mem.DeviceBuffer})
    @ CUDA /global/common/software/nersc/pm-2022q3/sw/julia-2022-09-24/packages/nvidia/1.8.0-beta1/julia/packages/CUDA/DfvRa/src/array.jl:99
 [16] exit
    @ ./initdefs.jl:28 [inlined]
 [17] exec_options(opts::Base.JLOptions)
    @ Base ./client.jl:308
 [18] _start()
    @ Base ./client.jl:522

Stacktrace:
  [1] throw_api_error(res::CUDA.cudaError_enum)
    @ CUDA /global/common/software/nersc/pm-2022q3/sw/julia-2022-09-24/packages/nvidia/1.8.0-beta1/julia/packages/CUDA/DfvRa/lib/cudadrv/error.jl:89
  [2] macro expansion
    @ /global/common/software/nersc/pm-2022q3/sw/julia-2022-09-24/packages/nvidia/1.8.0-beta1/julia/packages/CUDA/DfvRa/lib/cudadrv/error.jl:97 [inlined]
  [3] cuMemFreeAsync(dptr::CUDA.Mem.DeviceBuffer, hStream::CuStream)
    @ CUDA /global/common/software/nersc/pm-2022q3/sw/julia-2022-09-24/packages/nvidia/1.8.0-beta1/julia/packages/CUDA/DfvRa/lib/utils/call.jl:26
  [4] #free#2
    @ /global/common/software/nersc/pm-2022q3/sw/julia-2022-09-24/packages/nvidia/1.8.0-beta1/julia/packages/CUDA/DfvRa/lib/cudadrv/memory.jl:97 [inlined]
  [5] macro expansion
    @ /global/common/software/nersc/pm-2022q3/sw/julia-2022-09-24/packages/nvidia/1.8.0-beta1/julia/packages/CUDA/DfvRa/src/pool.jl:58 [inlined]
  [6] macro expansion
    @ ./timing.jl:359 [inlined]
  [7] #actual_free#155
    @ /global/common/software/nersc/pm-2022q3/sw/julia-2022-09-24/packages/nvidia/1.8.0-beta1/julia/packages/CUDA/DfvRa/src/pool.jl:57 [inlined]
  [8] #_free#173
    @ /global/common/software/nersc/pm-2022q3/sw/julia-2022-09-24/packages/nvidia/1.8.0-beta1/julia/packages/CUDA/DfvRa/src/pool.jl:375 [inlined]
  [9] macro expansion
    @ /global/common/software/nersc/pm-2022q3/sw/julia-2022-09-24/packages/nvidia/1.8.0-beta1/julia/packages/CUDA/DfvRa/src/pool.jl:348 [inlined]
 [10] macro expansion
    @ ./timing.jl:359 [inlined]
 [11] #free#172
    @ /global/common/software/nersc/pm-2022q3/sw/julia-2022-09-24/packages/nvidia/1.8.0-beta1/julia/packages/CUDA/DfvRa/src/pool.jl:347 [inlined]
 [12] #178
    @ /global/common/software/nersc/pm-2022q3/sw/julia-2022-09-24/packages/nvidia/1.8.0-beta1/julia/packages/CUDA/DfvRa/src/array.jl:79 [inlined]
 [13] context!(f::CUDA.var"#178#179"{CuArray{Float32, 1, CUDA.Mem.DeviceBuffer}, CuStream}, ctx::CuContext; skip_destroyed::Bool)
    @ CUDA /global/common/software/nersc/pm-2022q3/sw/julia-2022-09-24/packages/nvidia/1.8.0-beta1/julia/packages/CUDA/DfvRa/lib/cudadrv/state.jl:164
 [14] unsafe_free!(xs::CuArray{Float32, 1, CUDA.Mem.DeviceBuffer}, stream::CuStream)
    @ CUDA /global/common/software/nersc/pm-2022q3/sw/julia-2022-09-24/packages/nvidia/1.8.0-beta1/julia/packages/CUDA/DfvRa/src/array.jl:78
 [15] unsafe_finalize!(xs::CuArray{Float32, 1, CUDA.Mem.DeviceBuffer})
    @ CUDA /global/common/software/nersc/pm-2022q3/sw/julia-2022-09-24/packages/nvidia/1.8.0-beta1/julia/packages/CUDA/DfvRa/src/array.jl:99
 [16] exit
    @ ./initdefs.jl:28 [inlined]
 [17] exec_options(opts::Base.JLOptions)
    @ Base ./client.jl:308
 [18] _start()
    @ Base ./client.jl:522
